<?xml version="1.0" encoding="UTF-8"?>
<!-- Generated by org.testng.reporters.JUnitXMLReporter -->
<testsuite ignored="3" hostname="DESKTOP-28161K9" failures="0" tests="1" name="Default test" time="19.465" errors="0" timestamp="2023-04-06T23:30:11 IST">
  <testcase classname="webcheckoutTest.ActionsClass" name="calenderHandle" time="19.34"/>
  <testcase classname="webcheckoutTest.ActionsClass" name="actionsExample" time="0.0">
    <ignored/>
  </testcase> <!-- actionsExample -->
  <testcase classname="webcheckoutTest.ActionsClass" name="getLinkCount" time="0.0">
    <ignored/>
  </testcase> <!-- getLinkCount -->
  <testcase classname="webcheckoutTest.ActionsClass" name="windowHandler" time="0.0">
    <ignored/>
  </testcase> <!-- windowHandler -->
</testsuite> <!-- Default test -->
