<?xml version="1.0" encoding="UTF-8"?>
<testng-results ignored="0" total="1" passed="1" failed="0" skipped="0">
  <reporter-output>
  </reporter-output>
  <suite started-at="2023-04-02T20:05:00 IST" name="Default suite" finished-at="2023-04-02T20:05:25 IST" duration-ms="24407">
    <groups>
    </groups>
    <test started-at="2023-04-02T20:05:00 IST" name="Default test" finished-at="2023-04-02T20:05:25 IST" duration-ms="24407">
      <class name="webcheckoutTest.ActionsClass">
        <test-method signature="actionsExample()[pri:0, instance:webcheckoutTest.ActionsClass@25084a1e]" started-at="2023-04-02T20:05:00 IST" name="actionsExample" finished-at="2023-04-02T20:05:25 IST" duration-ms="24309" status="PASS">
          <reporter-output>
          </reporter-output>
        </test-method> <!-- actionsExample -->
      </class> <!-- webcheckoutTest.ActionsClass -->
    </test> <!-- Default test -->
  </suite> <!-- Default suite -->
</testng-results>
